#
# There is insufficient memory for the Java Runtime Environment to continue.
# Native memory allocation (malloc) failed to allocate 1048576 bytes for AllocateHeap
# Possible reasons:
#   The system is out of physical RAM or swap space
#   In 32 bit mode, the process size limit was hit
# Possible solutions:
#   Reduce memory load on the system
#   Increase physical memory or swap space
#   Check if swap backing store is full
#   Use 64 bit Java on a 64 bit OS
#   Decrease Java heap size (-Xmx/-Xms)
#   Decrease number of Java threads
#   Decrease Java thread stack sizes (-Xss)
#   Set larger code cache with -XX:ReservedCodeCacheSize=
# This output file may be truncated or incomplete.
#
#  Out of Memory Error (memory/allocation.inline.hpp:61), pid=220, tid=0x0000000000001eb4
#
# JRE version:  (8.0_152-b01) (build )
# Java VM: OpenJDK 64-Bit Server VM (25.152-b01 mixed mode windows-amd64 compressed oops)
# Failed to write core dump. Minidumps are not enabled by default on client versions of Windows
#

---------------  T H R E A D  ---------------

Current thread (0x0000000000d6d800):  JavaThread "Unknown thread" [_thread_in_vm, id=7860, stack(0x0000000002ac0000,0x0000000002bc0000)]

Stack: [0x0000000002ac0000,0x0000000002bc0000]
[error occurred during error reporting (printing stack bounds), id 0xc0000005]

Native frames: (J=compiled Java code, j=interpreted, Vv=VM code, C=native code)


---------------  P R O C E S S  ---------------

Java Threads: ( => current thread )

Other Threads:

=>0x0000000000d6d800 (exited) JavaThread "Unknown thread" [_thread_in_vm, id=7860, stack(0x0000000002ac0000,0x0000000002bc0000)]

VM state:not at safepoint (normal execution)

VM Mutex/Monitor currently owned by a thread: None

Heap:
 PSYoungGen      total 38400K, used 665K [0x00000000d5f00000, 0x00000000d8980000, 0x0000000100000000)
  eden space 33280K, 2% used [0x00000000d5f00000,0x00000000d5fa6670,0x00000000d7f80000)
  from space 5120K, 0% used [0x00000000d8480000,0x00000000d8480000,0x00000000d8980000)
  to   space 5120K, 0% used [0x00000000d7f80000,0x00000000d7f80000,0x00000000d8480000)
 ParOldGen       total 87552K, used 0K [0x0000000081c00000, 0x0000000087180000, 0x00000000d5f00000)
  object space 87552K, 0% used [0x0000000081c00000,0x0000000081c00000,0x0000000087180000)
 Metaspace       used 772K, capacity 4480K, committed 4480K, reserved 1056768K
  class space    used 73K, capacity 384K, committed 384K, reserved 1048576K

Card table byte_map: [0x0000000012080000,0x0000000012480000] byte_map_base: 0x0000000011c72000

Marking Bits: (ParMarkBitMap*) 0x00000000681c3950
 Begin Bits: [0x0000000012930000, 0x00000000148c0000)
 End Bits:   [0x00000000148c0000, 0x0000000016850000)

Polling page: 0x0000000000ae0000

CodeCache: size=245760Kb used=327Kb max_used=327Kb free=245432Kb
 bounds [0x0000000002cc0000, 0x0000000002f30000, 0x0000000011cc0000]
 total_blobs=56 nmethods=0 adapters=38
 compilation: enabled

Compilation events (0 events):
No events

GC Heap History (0 events):
No events

Deoptimization events (0 events):
No events

Classes redefined (0 events):
No events

Internal exceptions (0 events):
No events

Events (10 events):
Event: 1.082 loading class java/lang/Short
Event: 1.083 loading class java/lang/Short done
Event: 1.083 loading class java/lang/Integer
Event: 1.084 loading class java/lang/Integer done
Event: 1.084 loading class java/lang/Long
Event: 1.085 loading class java/lang/Long done
Event: 1.086 loading class java/lang/NullPointerException
Event: 1.086 loading class java/lang/NullPointerException done
Event: 1.086 loading class java/lang/ArithmeticException
Event: 1.086 loading class java/lang/ArithmeticException done


Dynamic libraries:
0x00007ff7ee100000 - 0x00007ff7ee131000 	E:\Android\Android Studio\jre\jre\bin\java.exe
0x00007ffdd6300000 - 0x00007ffdd64d1000 	C:\WINDOWS\SYSTEM32\ntdll.dll
0x00007ffdd5790000 - 0x00007ffdd583b000 	C:\WINDOWS\System32\KERNEL32.DLL
0x00007ffdd2850000 - 0x00007ffdd2a6d000 	C:\WINDOWS\System32\KERNELBASE.dll
0x00007ffdd5670000 - 0x00007ffdd5712000 	C:\WINDOWS\System32\ADVAPI32.dll
0x00007ffdd3e30000 - 0x00007ffdd3ece000 	C:\WINDOWS\System32\msvcrt.dll
0x00007ffdd3bf0000 - 0x00007ffdd3c49000 	C:\WINDOWS\System32\sechost.dll
0x00007ffdd5840000 - 0x00007ffdd5961000 	C:\WINDOWS\System32\RPCRT4.dll
0x00007ffdd3f90000 - 0x00007ffdd40f5000 	C:\WINDOWS\System32\USER32.dll
0x00007ffdd2b70000 - 0x00007ffdd2b8e000 	C:\WINDOWS\System32\win32u.dll
0x00007ffdd5da0000 - 0x00007ffdd5dd4000 	C:\WINDOWS\System32\GDI32.dll
0x00007ffdd3700000 - 0x00007ffdd3882000 	C:\WINDOWS\System32\gdi32full.dll
0x00007ffdc5bc0000 - 0x00007ffdc5e3a000 	C:\WINDOWS\WinSxS\amd64_microsoft.windows.common-controls_6595b64144ccf1df_6.0.14393.953_none_42151e83c686086b\COMCTL32.dll
0x00007ffdd3890000 - 0x00007ffdd3b58000 	C:\WINDOWS\System32\combase.dll
0x00007ffdd2a70000 - 0x00007ffdd2b65000 	C:\WINDOWS\System32\ucrtbase.dll
0x00007ffdd2b90000 - 0x00007ffdd2bfa000 	C:\WINDOWS\System32\bcryptPrimitives.dll
0x00007ffdd3b60000 - 0x00007ffdd3b8e000 	C:\WINDOWS\System32\IMM32.DLL
0x00000000684f0000 - 0x00000000685c2000 	E:\Android\Android Studio\jre\jre\bin\msvcr100.dll
0x0000000067a00000 - 0x000000006823e000 	E:\Android\Android Studio\jre\jre\bin\server\jvm.dll
0x00007ffdd5df0000 - 0x00007ffdd5df8000 	C:\WINDOWS\System32\PSAPI.DLL
0x00007ffdbf7e0000 - 0x00007ffdbf7e9000 	C:\WINDOWS\SYSTEM32\WSOCK32.dll
0x00007ffdd04a0000 - 0x00007ffdd04c3000 	C:\WINDOWS\SYSTEM32\WINMM.dll
0x00007ffdc80d0000 - 0x00007ffdc80da000 	C:\WINDOWS\SYSTEM32\VERSION.dll
0x00007ffdd0440000 - 0x00007ffdd046b000 	C:\WINDOWS\SYSTEM32\WINMMBASE.dll
0x00007ffdd3610000 - 0x00007ffdd3652000 	C:\WINDOWS\System32\cfgmgr32.dll
0x00007ffdd5720000 - 0x00007ffdd578a000 	C:\WINDOWS\System32\WS2_32.dll
0x00007ffdc58f0000 - 0x00007ffdc58ff000 	E:\Android\Android Studio\jre\jre\bin\verify.dll
0x00007ffdc2630000 - 0x00007ffdc2659000 	E:\Android\Android Studio\jre\jre\bin\java.dll
0x00007ffdc2610000 - 0x00007ffdc2626000 	E:\Android\Android Studio\jre\jre\bin\zip.dll

VM Arguments:
java_command: org.jetbrains.git4idea.ssh.SSHMain git@on.codevart.com git-receive-pack 'Yankang/StoreOperator.git'
java_class_path (initial): E:/Android/Android Studio/plugins/git4idea/lib/git4idea-rt.jar;E:/Android/Android Studio/lib/xmlrpc-2.0.jar;E:/Android/Android Studio/lib/commons-codec-1.9.jar;E:/Android/Android Studio/lib/util.jar;E:/Android/Android Studio/plugins/git4idea/lib/trilead-ssh2.jar
Launcher Type: SUN_STANDARD

Environment Variables:
JAVA_HOME=C:\Java\jdk
PATH=d:\Program Files\Git\mingw64/libexec/git-core;d:\Program Files\Git\mingw64\bin;d:\Program Files\Git\usr\bin;C:\Users\User\bin;C:\WINDOWS\system32;C:\WINDOWS;C:\WINDOWS\System32\Wbem;C:\WINDOWS\System32\WindowsPowerShell\v1.0\;C:\Java\jdk\bin;C:\Program Files\TortoiseGit\bin;d:\Program Files\Git\cmd;$CATALINA/common/lib/servlet-api.jar;C:\Users\User\AppData\Local\Microsoft\WindowsApps;
USERNAME=User
OS=Windows_NT
PROCESSOR_IDENTIFIER=Intel64 Family 6 Model 60 Stepping 3, GenuineIntel



---------------  S Y S T E M  ---------------

OS: Windows 10.0 , 64 bit Build 14393 (10.0.14393.0)

CPU:total 2 (initial active 2) (2 cores per cpu, 1 threads per core) family 6 model 60 stepping 3, cmov, cx8, fxsr, mmx, sse, sse2, sse3, ssse3, sse4.1, sse4.2, popcnt, clmul, erms, lzcnt, tsc, tscinvbit

Memory: 4k page, physical 8273900k(1221384k free), swap 10854644k(6020k free)

vm_info: OpenJDK 64-Bit Server VM (25.152-b01) for windows-amd64 JRE (1.8.0_152-release-915-b01), built by "builder" with MS VC++ 10.0 (VS2010)

time: Fri Feb 02 17:34:42 2018
elapsed time: 1 seconds (0d 0h 0m 1s)

